<?xml version="1.0" encoding="UTF-8"?>
<!-- Generated by org.testng.reporters.JUnitReportReporter -->
<testsuite hostname="QQSPLOXLTP0006" failures="0" tests="2" name="assessment.fileController.fileUpload_fileDownload" time="1.831" errors="0" timestamp="2022-08-07T15:36:43 IST" skipped="0">
  <testcase classname="assessment.fileController.fileUpload_fileDownload" name="testFileUpload" time="1.608"/>
  <system-out/>
  <testcase classname="assessment.fileController.fileUpload_fileDownload" name="testfileDownload" time="0.223"/>
  <system-out/>
</testsuite> <!-- assessment.fileController.fileUpload_fileDownload -->
