<?xml version="1.0" encoding="UTF-8"?>
<!-- Generated by org.testng.reporters.JUnitReportReporter -->
<testsuite hostname="QQSPLOXLTP0006" failures="0" tests="2" name="fileController.fileUpload" time="1.714" errors="0" timestamp="2022-08-05T16:07:47 IST" skipped="0">
  <testcase classname="fileController.fileUpload" name="testFileUpload" time="1.525"/>
  <system-out/>
  <testcase classname="fileController.fileUpload" name="testfileDownload" time="0.189"/>
  <system-out/>
</testsuite> <!-- fileController.fileUpload -->
