<?xml version="1.0" encoding="UTF-8"?>
<!-- Generated by org.testng.reporters.JUnitReportReporter -->
<testsuite hostname="QQSPLOXLTP0006" failures="0" tests="6" name="UserController.UserApi" time="2.538" errors="0" timestamp="2022-08-07T14:47:54 IST" skipped="0">
  <testcase classname="UserController.UserApi" name="addUsertoDatabase" time="1.457"/>
  <system-out/>
  <testcase classname="UserController.UserApi" name="addUsertoDatabase" time="0.146"/>
  <system-out/>
  <testcase classname="UserController.UserApi" name="updateUser" time="0.275"/>
  <system-out/>
  <testcase classname="UserController.UserApi" name="getUserById" time="0.199"/>
  <system-out/>
  <testcase classname="UserController.UserApi" name="getAllUsers" time="0.295"/>
  <system-out/>
  <testcase classname="UserController.UserApi" name="deleteUser" time="0.166"/>
  <system-out/>
</testsuite> <!-- UserController.UserApi -->
