<?xml version="1.0" encoding="UTF-8"?>
<!-- Generated by org.testng.reporters.JUnitReportReporter -->
<testsuite hostname="QQSPLOXLTP0006" failures="0" tests="2" name="fileController.fileUpload_fileDownload" time="2.053" errors="0" timestamp="2022-08-06T09:15:35 IST" skipped="0">
  <testcase classname="fileController.fileUpload_fileDownload" name="testFileUpload" time="1.671"/>
  <system-out/>
  <testcase classname="fileController.fileUpload_fileDownload" name="testfileDownload" time="0.382"/>
  <system-out/>
</testsuite> <!-- fileController.fileUpload_fileDownload -->
